Arguments: 
  C:\Program Files\nodejs\node.exe C:\Users\rafap\AppData\Roaming\npm\node_modules\yarn\bin\yarn.js add global babel

PATH: 
  C:\WINDOWS\system32;C:\WINDOWS;C:\WINDOWS\System32\Wbem;C:\WINDOWS\System32\WindowsPowerShell\v1.0\;C:\WINDOWS\System32\OpenSSH\;C:\Program Files\nodejs\;C:\Program Files\Git\cmd;C:\Program Files\MySQL\MySQL Shell 8.0\bin\;C:\Users\rafap\AppData\Local\Microsoft\WindowsApps;;C:\Users\rafap\AppData\Local\Programs\Microsoft VS Code Insiders\bin;C:\Users\rafap\AppData\Roaming\npm

Yarn version: 
  1.22.19

Node version: 
  20.8.1

Platform: 
  win32 x64

Trace: 
  AggregateError
      at internalConnectMultiple (node:net:1114:18)
      at afterConnectMultiple (node:net:1667:5)

npm manifest: 
  {
    "name": "Practica",
    "version": "0.0.1",
    "description": "Este sera un proyecto para pruebas de creacion de un proyecto de node js con express y sequelize desde cero",
    "main": "index.js",
    "author": "RaftaSv",
    "license": "MIT",
    "private": false
  }

yarn manifest: 
  No manifest

Lockfile: 
  No lockfile
